\BOOKMARK [1][-]{section.1}{\376\377\000I\000n\000t\000r\000o\000d\000u\000z\000i\000o\000n\000e\000\040\000e\000\040\000o\000b\000i\000e\000t\000t\000i\000v\000i}{}% 1
\BOOKMARK [2][-]{subsection.1.1}{\376\377\000I\000l\000\040\000p\000r\000o\000b\000l\000e\000m\000a}{section.1}% 2
\BOOKMARK [2][-]{subsection.1.2}{\376\377\000F\000i\000n\000a\000l\000i\000t\000\340\000\040\000d\000i\000d\000a\000t\000t\000i\000c\000h\000e}{section.1}% 3
\BOOKMARK [2][-]{subsection.1.3}{\376\377\000I\000l\000\040\000q\000u\000a\000d\000r\000o\000\040\000n\000o\000r\000m\000a\000t\000i\000v\000o\000:\000\040\000S\000o\000l\000v\000e\000n\000c\000y\000\040\000I\000I\000\040\000e\000\040\000E\000I\000O\000P\000A}{section.1}% 4
\BOOKMARK [2][-]{subsection.1.4}{\376\377\000S\000t\000r\000u\000t\000t\000u\000r\000a\000\040\000d\000e\000i\000\040\000t\000a\000s\000s\000i\000\040\000d\000i\000\040\000i\000n\000t\000e\000r\000e\000s\000s\000e\000:\000\040\000s\000p\000o\000t\000,\000\040\000f\000o\000r\000w\000a\000r\000d\000\040\000e\000\040\000p\000a\000r}{section.1}% 5
\BOOKMARK [2][-]{subsection.1.5}{\376\377\000O\000r\000i\000g\000i\000n\000e\000\040\000d\000e\000i\000\040\000d\000a\000t\000i}{section.1}% 6
\BOOKMARK [2][-]{subsection.1.6}{\376\377\000L\000a\000\040\000p\000i\000p\000e\000l\000i\000n\000e\000\040\000E\000I\000O\000P\000A\000\040\000i\000n\000\040\000c\000i\000n\000q\000u\000e\000\040\000p\000a\000s\000s\000i}{section.1}% 7
\BOOKMARK [2][-]{subsection.1.7}{\376\377\000D\000a\000t\000i\000\040\000r\000e\000a\000l\000i\000:\000\040\000f\000o\000n\000t\000i\000\040\000e\000\040\000p\000r\000o\000c\000e\000d\000u\000r\000a\000\040\000p\000e\000r\000\040\000r\000i\000c\000o\000s\000t\000r\000u\000i\000r\000e\000\040\000l\000a\000\040\000c\000u\000r\000v\000a\000\040\000E\000U\000R\000\040\000m\000a\000g\000g\000i\000o\000\040\0002\0000\0002\0006}{section.1}% 8
\BOOKMARK [1][-]{section.2}{\376\377\000P\000r\000e\000r\000e\000q\000u\000i\000s\000i\000t\000i\000\040\000m\000a\000t\000e\000m\000a\000t\000i\000c\000i}{}% 9
\BOOKMARK [2][-]{subsection.2.1}{\376\377\000S\000i\000s\000t\000e\000m\000i\000\040\000l\000i\000n\000e\000a\000r\000i\000\040\000e\000\040\000f\000a\000t\000t\000o\000r\000i\000z\000z\000a\000z\000i\000o\000n\000e\000\040\000L\000U}{section.2}% 10
\BOOKMARK [2][-]{subsection.2.2}{\376\377\000S\000c\000e\000l\000t\000a\000\040\000d\000e\000l\000\040\000m\000e\000t\000o\000d\000o\000\040\000r\000i\000s\000o\000l\000u\000t\000i\000v\000o\000:\000\040\000p\000e\000r\000c\000h\000\350\000\040\000C\000h\000o\000l\000e\000s\000k\000y\000?}{section.2}% 11
\BOOKMARK [2][-]{subsection.2.3}{\376\377\000N\000u\000m\000e\000r\000o\000\040\000d\000i\000\040\000c\000o\000n\000d\000i\000z\000i\000o\000n\000a\000m\000e\000n\000t\000o}{section.2}% 12
\BOOKMARK [2][-]{subsection.2.4}{\376\377\000I\000l\000\040\000m\000e\000t\000o\000d\000o\000\040\000d\000i\000\040\000b\000i\000s\000e\000z\000i\000o\000n\000e}{section.2}% 13
\BOOKMARK [2][-]{subsection.2.5}{\376\377\000C\000o\000n\000f\000r\000o\000n\000t\000o\000:\000\040\000s\000i\000s\000t\000e\000m\000a\000\040\000t\000r\000i\000d\000i\000a\000g\000o\000n\000a\000l\000e\000\040\000e\000\040\000a\000l\000g\000o\000r\000i\000t\000m\000o\000\040\000d\000i\000\040\000T\000h\000o\000m\000a\000s}{section.2}% 14
\BOOKMARK [1][-]{section.3}{\376\377\000I\000l\000\040\000m\000e\000t\000o\000d\000o\000\040\000S\000m\000i\000t\000h\040\023\000W\000i\000l\000s\000o\000n}{}% 15
\BOOKMARK [2][-]{subsection.3.1}{\376\377\000I\000d\000e\000a\000\040\000e\000\040\000s\000t\000r\000u\000t\000t\000u\000r\000a}{section.3}% 16
\BOOKMARK [2][-]{subsection.3.2}{\376\377\000F\000u\000n\000z\000i\000o\000n\000e\000\040\000k\000e\000r\000n\000e\000l\000\040\000d\000i\000\040\000W\000i\000l\000s\000o\000n\000\040\040\024\000\040\000s\000e\000z\000.\000\040\0009\000.\0007\000\040\000d\000i\000\040\000e\000i\000o\000p\000a\0002\0000\0002\0005}{section.3}% 17
\BOOKMARK [2][-]{subsection.3.3}{\376\377\000I\000n\000t\000e\000r\000p\000r\000e\000t\000a\000z\000i\000o\000n\000e\000\040\000v\000a\000r\000i\000a\000z\000i\000o\000n\000a\000l\000e\000\040\000\050\000l\000e\000t\000t\000u\000r\000a\000\040\000d\000i\000d\000a\000t\000t\000i\000c\000a\000\040\000R\000K\000H\000S\000\051}{section.3}% 18
\BOOKMARK [2][-]{subsection.3.4}{\376\377\000P\000a\000r\000a\000m\000e\000t\000r\000i\000\040\000c\000h\000i\000a\000v\000e\000\040\000p\000e\000r\000\040\000E\000U\000R\000\040\000\050\0002\0009\000/\0000\0005\000/\0002\0000\0002\0006\000\051}{section.3}% 19
\BOOKMARK [1][-]{section.4}{\376\377\000I\000l\000\040\000s\000i\000s\000t\000e\000m\000a\000\040\000l\000i\000n\000e\000a\000r\000e\000:\000\040\000c\000a\000l\000i\000b\000r\000a\000z\000i\000o\000n\000e\000\040\000s\000u\000\040\000s\000w\000a\000p\000\040\000p\000a\000r}{}% 20
\BOOKMARK [2][-]{subsection.4.1}{\376\377\000D\000a\000t\000i\000\040\000d\000i\000\040\000i\000n\000p\000u\000t\000:\000\040\000O\000I\000S\000\040\000e\000\040\000C\000R\000A}{section.4}% 21
\BOOKMARK [2][-]{subsection.4.2}{\376\377\000D\000e\000r\000i\000v\000a\000z\000i\000o\000n\000e\000\040\000d\000e\000l\000\040\000s\000i\000s\000t\000e\000m\000a\000\040\040\024\000\040\000n\000o\000t\000a\000z\000i\000o\000n\000e\000\040\000m\000a\000t\000r\000i\000c\000i\000a\000l\000e\000\040\000d\000i\000\040\000E\000I\000O\000P\000A\000\040\000\050\000s\000e\000z\000.\000\040\0009\000.\0008\040\023\0009\000.\0001\0000\000\051}{section.4}% 22
\BOOKMARK [2][-]{subsection.4.3}{\376\377\000R\000i\000s\000o\000l\000u\000z\000i\000o\000n\000e\000:\000\040\000f\000a\000t\000t\000o\000r\000i\000z\000z\000a\000z\000i\000o\000n\000e\000\040\000d\000i\000\040\000C\000h\000o\000l\000e\000s\000k\000y}{section.4}% 23
\BOOKMARK [2][-]{subsection.4.4}{\376\377\000C\000o\000n\000d\000i\000z\000i\000o\000n\000a\000m\000e\000n\000t\000o\000\040\000d\000e\000l\000l\000a\000\040\000m\000a\000t\000r\000i\000c\000e\000\040\000Q\000-\0001\000m\000u\000H\000Q}{section.4}% 24
\BOOKMARK [2][-]{subsection.4.5}{\376\377\000D\000a\000l\000l\000a\000\040\000f\000u\000n\000z\000i\000o\000n\000e\000\040\000d\000i\000\040\000s\000c\000o\000n\000t\000o\000\040\000a\000i\000\040\000t\000a\000s\000s\000i\000\040\000\050\000p\000r\000e\000z\000z\000i\000\040\000\040\000i\000n\000t\000e\000n\000s\000i\000t\000\340\000\040\000\040\000t\000a\000s\000s\000i\000\051}{section.4}% 25
\BOOKMARK [1][-]{section.5}{\376\377\000D\000e\000t\000e\000r\000m\000i\000n\000a\000z\000i\000o\000n\000e\000\040\000d\000e\000l\000\040\000p\000a\000r\000a\000m\000e\000t\000r\000o\000\040}{}% 26
\BOOKMARK [2][-]{subsection.5.1}{\376\377\000L\000'\000U\000l\000t\000i\000m\000a\000t\000e\000\040\000F\000o\000r\000w\000a\000r\000d\000\040\000R\000a\000t\000e}{section.5}% 27
\BOOKMARK [2][-]{subsection.5.2}{\376\377\000C\000r\000i\000t\000e\000r\000i\000o\000\040\000E\000I\000O\000P\000A\000\040\000p\000e\000r\000\040\000\040\040\024\000\040\000s\000e\000z\000.\000\040\0009\000.\0001\0004}{section.5}% 28
\BOOKMARK [2][-]{subsection.5.3}{\376\377\000A\000l\000g\000o\000r\000i\000t\000m\000o\000:\000\040\000r\000i\000c\000e\000r\000c\000a\000\040\000d\000i\000\040\000z\000e\000r\000i\000\040\000p\000e\000r\000\040\000\040\000\050\000b\000i\000s\000e\000z\000i\000o\000n\000e\000\040\000e\000\040\000N\000e\000w\000t\000o\000n\000\051}{section.5}% 29
\BOOKMARK [1][-]{section.6}{\376\377\000R\000i\000s\000u\000l\000t\000a\000t\000i\000:\000\040\000l\000a\000\040\000c\000u\000r\000v\000a\000\040\000E\000I\000O\000P\000A\000\040\000c\000o\000m\000p\000l\000e\000t\000a}{}% 30
\BOOKMARK [2][-]{subsection.6.1}{\376\377\000C\000u\000r\000v\000a\000\040\000s\000p\000o\000t\000\040\000e\000\040\000f\000o\000r\000w\000a\000r\000d}{section.6}% 31
\BOOKMARK [2][-]{subsection.6.2}{\376\377\000V\000e\000r\000i\000f\000i\000c\000a\000:\000\040\000r\000e\000p\000l\000i\000c\000a\000\040\000d\000e\000i\000\040\000p\000a\000r\000\040\000s\000w\000a\000p}{section.6}% 32
\BOOKMARK [1][-]{section.7}{\376\377\000V\000a\000l\000i\000d\000a\000z\000i\000o\000n\000e\000:\000\040\000r\000i\000c\000o\000s\000t\000r\000u\000z\000i\000o\000n\000e\000\040\000m\000u\000l\000t\000i\000-\000d\000a\000t\000a\000\040\000e\000\040\000c\000o\000n\000f\000r\000o\000n\000t\000o\000\040\000c\000o\000n\000\040\000l\000e\000\040\000c\000u\000r\000v\000e\000\040\000u\000f\000f\000i\000c\000i\000a\000l\000i\000\040\000E\000I\000O\000P\000A}{}% 33
\BOOKMARK [2][-]{subsection.7.1}{\376\377\000D\000a\000t\000i\000\040\000e\000\040\000p\000r\000o\000c\000e\000d\000u\000r\000a}{section.7}% 34
\BOOKMARK [2][-]{subsection.7.2}{\376\377\000C\000o\000n\000f\000r\000o\000n\000t\000o\000\040\000g\000r\000a\000f\000i\000c\000o}{section.7}% 35
\BOOKMARK [2][-]{subsection.7.3}{\376\377\000R\000i\000s\000u\000l\000t\000a\000t\000i\000\040\000q\000u\000a\000n\000t\000i\000t\000a\000t\000i\000v\000i}{section.7}% 36
\BOOKMARK [2][-]{subsection.7.4}{\376\377\000D\000i\000a\000g\000n\000o\000s\000t\000i\000c\000a\000:\000\040\000d\000a\000\040\000d\000o\000v\000e\000\040\000v\000i\000e\000n\000e\000\040\000l\000o\000\040\000s\000c\000a\000r\000t\000o\000\040\000d\000i\000\040\0002\0005\000\040\000b\000p\000s\000?}{section.7}% 37
\BOOKMARK [1][-]{section.8}{\376\377\000V\000a\000l\000i\000d\000a\000z\000i\000o\000n\000e\000\040\000\050\000I\000I\000\051\000:\000\040\000l\000'\000i\000n\000p\000u\000t\000\040\000c\000o\000r\000r\000e\000t\000t\000o\000\040\000\350\000\040\000l\000'\000I\000R\000S\000\040\000E\000U\000R\000I\000B\000O\000R\000\040\040\024\000\040\000r\000i\000c\000o\000s\000t\000r\000u\000z\000i\000o\000n\000e\000\040\000d\000a\000\040\000E\000U\000S\000A\000*}{}% 38
\BOOKMARK [2][-]{subsection.8.1}{\376\377\000D\000a\000t\000i\000\040\000e\000\040\000p\000r\000o\000c\000e\000d\000u\000r\000a}{section.8}% 39
\BOOKMARK [2][-]{subsection.8.2}{\376\377\000C\000o\000n\000f\000r\000o\000n\000t\000o\000\040\000g\000r\000a\000f\000i\000c\000o}{section.8}% 40
\BOOKMARK [2][-]{subsection.8.3}{\376\377\000R\000i\000s\000u\000l\000t\000a\000t\000i\000\040\000q\000u\000a\000n\000t\000i\000t\000a\000t\000i\000v\000i}{section.8}% 41
\BOOKMARK [2][-]{subsection.8.4}{\376\377\000C\000o\000n\000f\000e\000r\000m\000a\000\040\000d\000i\000a\000g\000n\000o\000s\000t\000i\000c\000a\000:\000\040\000E\000U\000S\000A\000\040\000r\000i\000p\000r\000o\000d\000u\000c\000e\000\040\000i\000\040\000p\000a\000r\000\040\000r\000a\000t\000e\000\040\000E\000I\000O\000P\000A\000\040\000e\000n\000t\000r\000o\000\040\0002\000\040\000b\000p\000s}{section.8}% 42
\BOOKMARK [1][-]{section.9}{\376\377\000C\000o\000n\000f\000r\000o\000n\000t\000o\000:\000\040\000s\000p\000l\000i\000n\000e\000\040\000c\000u\000b\000i\000c\000h\000e\000\040\000v\000s\000\040\000S\000m\000i\000t\000h\040\023\000W\000i\000l\000s\000o\000n}{}% 43
\BOOKMARK [2][-]{subsection.9.1}{\376\377\000S\000i\000s\000t\000e\000m\000a\000\040\000t\000r\000i\000d\000i\000a\000g\000o\000n\000a\000l\000e\000\040\000p\000e\000r\000\040\000l\000e\000\040\000s\000p\000l\000i\000n\000e}{section.9}% 44
\BOOKMARK [2][-]{subsection.9.2}{\376\377\000C\000o\000n\000f\000r\000o\000n\000t\000o\000\040\000s\000t\000r\000u\000t\000t\000u\000r\000a\000l\000e\000\040\000e\000\040\000l\000i\000m\000i\000t\000i\000\040\000d\000e\000l\000l\000a\000\040\000s\000p\000l\000i\000n\000e}{section.9}% 45
\BOOKMARK [1][-]{section.10}{\376\377\000A\000n\000a\000l\000i\000s\000i\000\040\000d\000i\000\040\000s\000e\000n\000s\000i\000t\000i\000v\000i\000t\000\340}{}% 46
\BOOKMARK [2][-]{subsection.10.1}{\376\377\000S\000e\000n\000s\000i\000t\000i\000v\000i\000t\000\340\000\040\000a\000l\000l\000'\000U\000F\000R}{section.10}% 47
\BOOKMARK [2][-]{subsection.10.2}{\376\377\000S\000e\000n\000s\000i\000t\000i\000v\000i\000t\000\340\000\040\000a\000l\000\040\000p\000a\000r\000a\000m\000e\000t\000r\000o\000\040}{section.10}% 48
\BOOKMARK [1][-]{section.11}{\376\377\000I\000m\000p\000l\000e\000m\000e\000n\000t\000a\000z\000i\000o\000n\000e\000\040\000i\000n\000\040\000R}{}% 49
\BOOKMARK [2][-]{subsection.11.1}{\376\377\000S\000e\000t\000u\000p\000\040\000e\000\040\000d\000a\000t\000i}{section.11}% 50
\BOOKMARK [2][-]{subsection.11.2}{\376\377\000K\000e\000r\000n\000e\000l\000\040\000d\000i\000\040\000W\000i\000l\000s\000o\000n\000\040\000\050\000c\000u\000o\000r\000e\000\040\000H\000\040\000e\000\040\000d\000e\000r\000i\000v\000a\000t\000a\000\040\000G\000\051}{section.11}% 51
\BOOKMARK [2][-]{subsection.11.3}{\376\377\000C\000a\000l\000i\000b\000r\000a\000z\000i\000o\000n\000e\000:\000\040\000s\000i\000s\000t\000e\000m\000a\000\040\000S\000P\000D\000\040\000e\000\040\000C\000h\000o\000l\000e\000s\000k\000y}{section.11}% 52
\BOOKMARK [2][-]{subsection.11.4}{\376\377\000V\000a\000l\000u\000t\000a\000z\000i\000o\000n\000e\000:\000\040\000p\000r\000e\000z\000z\000i\000,\000\040\000i\000n\000t\000e\000n\000s\000i\000t\000\340\000,\000\040\000t\000a\000s\000s\000i\000\040\000a\000n\000n\000u\000i}{section.11}% 53
\BOOKMARK [2][-]{subsection.11.5}{\376\377\000D\000e\000t\000e\000r\000m\000i\000n\000a\000z\000i\000o\000n\000e\000\040\000d\000i\000\040\000:\000\040\000r\000i\000c\000e\000r\000c\000a\000\040\000d\000i\000\040\000z\000e\000r\000i}{section.11}% 54
\BOOKMARK [1][-]{subsection.11.5}{\376\377\000R\000i\000e\000p\000i\000l\000o\000g\000o\000\040\000d\000e\000g\000l\000i\000\040\000a\000l\000g\000o\000r\000i\000t\000m\000i}{}% 55
\BOOKMARK [1][-]{section.12}{\376\377\000E\000s\000e\000r\000c\000i\000z\000i}{}% 56
